<?xml version="1.0" encoding="UTF-8"?>
<testsuite xmlns:xsi="http://www.w3.org/2001/XMLSchema-instance" xsi:noNamespaceSchemaLocation="https://maven.apache.org/surefire/maven-surefire-plugin/xsd/surefire-test-report-3.0.xsd" version="3.0" name="com.cognizant.banking.models.CustomerTest$EmailTest" time="0.208" tests="5" errors="0" skipped="0" failures="0">
  <properties>
[...]
</properties>
  <testcase name="testEmail(Customer)[1]" classname="com.cognizant.banking.models.CustomerTest$EmailTest" time="0.003"/>
  <testcase name="testEmail(Customer)[2]" classname="com.cognizant.banking.models.CustomerTest$EmailTest" time="0.002"/>
  <testcase name="testEmail(Customer)[3]" classname="com.cognizant.banking.models.CustomerTest$EmailTest" time="0.001"/>
  <testcase name="testEmail(Customer)[4]" classname="com.cognizant.banking.models.CustomerTest$EmailTest" time="0.002"/>
  <testcase name="testEmail(Customer)[5]" classname="com.cognizant.banking.models.CustomerTest$EmailTest" time="0"/>
</testsuite>